{
  "RSpec": {
    "coverage": {
      "/Users/oh/projects/GEMZ/rspec_table_flipper/lib/flip_spec.rb": [
        1,
        1,
        1,
        null,
        1,
        null,
        1,
        6,
        null,
        null,
        1,
        6,
        null,
        null,
        1,
        2,
        null,
        null,
        1,
        7,
        null,
        null,
        1,
        null,
        1,
        15,
        null,
        null,
        null
      ],
      "/Users/oh/projects/GEMZ/rspec_table_flipper/spec/flip_spec_spec.rb": [
        1,
        1,
        null,
        1,
        null,
        6,
        6,
        5,
        null,
        1,
        5,
        null,
        null,
        1,
        1,
        1,
        null,
        null,
        null,
        1,
        null,
        1,
        1,
        2,
        2,
        null,
        null,
        1,
        1,
        null,
        null,
        1,
        1,
        null,
        null,
        null,
        1,
        1,
        2,
        2,
        null,
        null,
        1,
        1,
        null,
        null,
        1,
        1,
        null,
        null,
        null,
        null
      ]
    },
    "timestamp": 1459005194
  }
}
